[18:41:17 09-07-2023]: Đã khởi động auto 
[18:44:58 09-07-2023]: Đã khởi động auto 
[20:15:43 09-07-2023]: Đã khởi động auto 
[20:22:39 09-07-2023]: Đã khởi động auto 
[20:22:39 09-07-2023]: Đã tìm thấy một cửa sổ Game mới 
[20:23:27 09-07-2023]: Dunnie [3C3366C4] đã tới [Đôn Hoàng]. 
[20:29:10 09-07-2023]: Dunnie [3C3366C4] đã tới [Thiếu Lâm Tự]. 
[20:29:20 09-07-2023]: Dunnie [3C3366C4] đã tới [Tung Sơn]. 
[20:29:36 09-07-2023]: Dunnie [3C3366C4] đã tới [Thiếu Lâm Tự]. 
[20:30:53 09-07-2023]: Dunnie [3C3366C4] đã tới [Tô Châu]. 
[20:31:12 09-07-2023]: Dunnie [3C3366C4] đã tới [Kính Hồ]. 
[20:32:05 09-07-2023]: Dunnie [3C3366C4] đã tới [Đại Lý]. 
[20:32:35 09-07-2023]: Dunnie [3C3366C4] đã tới [Lạc Dương]. 
[20:42:38 09-07-2023]: Dunnie [3C3366C4] đã tới [Nga Mi Sơn]. 
[20:43:07 09-07-2023]: Dunnie [3C3366C4] đã tới [Nga Mi Sơn]. 
[21:03:05 09-07-2023]: Đã tìm thấy một cửa sổ Game mới 
[21:04:43 09-07-2023]: Dunnnn [3C336701] đã tới [Đại Lý]. 
[21:07:02 09-07-2023]: Dunnnn [3C336701] đã tới [Đại Lý]. 
QWindowsWindow::setGeometry: Unable to set geometry 547x469+1373+141 on QWidgetWindow/'ThrowTrashItemDialogWindow'. Resulting geometry:  547x540+1373+141 (frame: 8, 31, 8, 8, custom margin: 0, 0, 0, 0, minimum size: 428x271, maximum size: 16777215x16777215).QWindowsWindow::setGeometry: Unable to set geometry 547x469+1373+141 on QWidgetWindow/'ThrowTrashItemDialogWindow'. Resulting geometry:  547x540+1373+141 (frame: 8, 31, 8, 8, custom margin: 0, 0, 0, 0, minimum size: 428x271, maximum size: 16777215x16777215).[21:24:38 09-07-2023]: Dunnnn [3C336701] đã tới [Đại Lý]. 
[21:27:26 09-07-2023]: Dunnnn [3C336701] đã tới [Lạc Dương]. 
QWindowsWindow::setGeometry: Unable to set geometry 547x469+1373+141 on QWidgetWindow/'ThrowTrashItemDialogWindow'. Resulting geometry:  547x540+1373+141 (frame: 8, 31, 8, 8, custom margin: 0, 0, 0, 0, minimum size: 428x271, maximum size: 16777215x16777215).QWindowsWindow::setGeometry: Unable to set geometry 547x469+1373+141 on QWidgetWindow/'ThrowTrashItemDialogWindow'. Resulting geometry:  547x540+1373+141 (frame: 8, 31, 8, 8, custom margin: 0, 0, 0, 0, minimum size: 428x271, maximum size: 16777215x16777215).[21:55:19 09-07-2023]: Dunnnn [3C336701] đã tới [Lạc Dương]. 
[21:57:35 09-07-2023]: Dunnnn [3C336701] đã tới [Ma Nhai Động]. 
[22:14:12 09-07-2023]: Dunnnn [3C336701] Lượng máu thấp: 18% 
[22:14:13 09-07-2023]: Dunnnn [3C336701] đã tử vong. 
[22:14:32 09-07-2023]: Dunnnn [3C336701] đã tới [Lạc Dương]. 
[22:16:29 09-07-2023]: Dunnnn [3C336701] đã tới [Nhạn Nam]. 
[22:18:01 09-07-2023]: Dunnnn [3C336701] đã tới [Ma Nhai Động]. 
[22:57:19 09-07-2023]: Dunnnn [3C336701] đã tới [Nhạn Nam]. 
[22:58:29 09-07-2023]: Dunnnn [3C336701] đã tới [Nhạn Bắc]. 
[22:59:23 09-07-2023]: Dunnnn [3C336701] đã tới [Thảo Liệu Trường]. 
[23:01:23 09-07-2023]: Dunnie [3C3366C4] đã tới [Thảo Liệu Trường]. 
[23:34:43 09-07-2023]: Dunnnn [3C336701] đã tới [Võ Đang Sơn]. 
[23:35:19 09-07-2023]: Dunnnn [3C336701] đã tới [Lạc Dương]. 
[03:30:23 10-07-2023]: Một cửa sổ Game vừa thoát 
[04:01:57 10-07-2023]: Đã tìm thấy một cửa sổ Game mới 
[04:02:58 10-07-2023]: Dunnnn [3C336701] đã tới [Thảo Liệu Trường]. 
[06:08:12 10-07-2023]: Một cửa sổ Game vừa thoát 
[06:49:06 10-07-2023]: Đã khởi động auto 
[06:49:06 10-07-2023]: Đã tìm thấy một cửa sổ Game mới 
[06:49:09 10-07-2023]: Dunnie [3C3366C4] đã tới [Tô Châu]. 
[06:50:17 10-07-2023]: Dunnie [3C3366C4] vừa thoát game 
[06:50:18 10-07-2023]: Một cửa sổ Game vừa thoát 
[07:52:34 10-07-2023]: Đã khởi động auto 
[07:52:34 10-07-2023]: Đã tìm thấy một cửa sổ Game mới 
[07:52:34 10-07-2023]: Đã tìm thấy một cửa sổ Game mới 
[07:52:37 10-07-2023]: Dunnie [3C3366C4] đã tới [Thảo Liệu Trường]. 
[07:52:37 10-07-2023]: Dunnnn [3C336701] đã tới [Nhạn Bắc]. 
[07:53:24 10-07-2023]: Dunnnn [3C336701] đã tới [Thảo Liệu Trường]. 
[12:49:54 10-07-2023]: Dunnie [3C3366C4] đã tới [Nga Mi Sơn]. 
[12:49:54 10-07-2023]: Dunnnn [3C336701] đã tới [Nga Mi Sơn]. 
[13:06:21 10-07-2023]: Dunnnn [3C336701] đã tới [Nga Mi Sơn]. 
[13:06:21 10-07-2023]: Dunnie [3C3366C4] đã tới [Nga Mi Sơn]. 
[13:06:49 10-07-2023]: Dunnie [3C3366C4] đã tới [Nga Mi Sơn]. 
[13:06:49 10-07-2023]: Dunnnn [3C336701] đã tới [Nga Mi Sơn]. 
[13:20:59 10-07-2023]: Dunnnn [3C336701] đã tới [Nga Mi Sơn]. 
[13:20:59 10-07-2023]: Dunnie [3C3366C4] đã tới [Nga Mi Sơn]. 
[13:21:32 10-07-2023]: Dunnie [3C3366C4] đã tới [Kiếm Các]. 
[13:21:38 10-07-2023]: Dunnie [3C3366C4] đã tới [Nga Mi Sơn]. 
[13:21:51 10-07-2023]: Dunnnn [3C336701] đã tới [Lạc Dương]. 
[13:21:59 10-07-2023]: Dunnie [3C3366C4] đã tới [Lạc Dương]. 
[13:24:48 10-07-2023]: Dunnie [3C3366C4] đã tới [Nhạn Nam]. 
[13:25:13 10-07-2023]: Dunnnn [3C336701] đã tới [Nhạn Bắc]. 
[13:25:37 10-07-2023]: Dunnie [3C3366C4] đã tới [Nhạn Bắc]. 
[13:28:58 10-07-2023]: Dunnie [3C3366C4] đã tới [Thảo Liệu Trường]. 
[13:32:10 10-07-2023]: Dunnnn [3C336701] đã tới [Hoàng Long Động]. 
[13:34:54 10-07-2023]: Dunnie [3C3366C4] đã tới [Ma Nhai Động]. 
[13:41:32 10-07-2023]: Dunnnn [3C336701] vừa thoát game 
[13:41:35 10-07-2023]: Một cửa sổ Game vừa thoát 
[18:15:41 10-07-2023]: Đã khởi động auto 
[18:15:41 10-07-2023]: Đã tìm thấy một cửa sổ Game mới 
[18:15:44 10-07-2023]: Dunnie [3C3366C4] đã tới [Ma Nhai Động]. 
[18:19:45 10-07-2023]: Đã khởi động auto 
[18:19:45 10-07-2023]: Đã tìm thấy một cửa sổ Game mới 
[18:19:48 10-07-2023]: Dunnie [3C3366C4] đã tới [Ma Nhai Động]. 
[18:22:07 10-07-2023]: Dunnie [3C3366C4] đã tới [Tây Hồ]. 
[18:23:10 10-07-2023]: Đã tìm thấy một cửa sổ Game mới 
[18:23:13 10-07-2023]: Dunnie [3C3366C4] đã tới [Võ Di]. 
[18:23:36 10-07-2023]: Dunnie [3C3366C4] đã tới [Hoàng Long Động]. 
[18:25:40 10-07-2023]: Dunnnn [3C336701] đã tới [Hoàng Long Động]. 
[22:02:10 10-07-2023]: Dunnie [3C3366C4] đã tới [Yến Vương Cổ Mộ Tầng 1]. 
QWindowsWindow::setGeometry: Unable to set geometry 547x469+1373+141 on QWidgetWindow/'ThrowTrashItemDialogWindow'. Resulting geometry:  547x540+1373+141 (frame: 8, 31, 8, 8, custom margin: 0, 0, 0, 0, minimum size: 428x271, maximum size: 16777215x16777215).QWindowsWindow::setGeometry: Unable to set geometry 547x469+1373+141 on QWidgetWindow/'ThrowTrashItemDialogWindow'. Resulting geometry:  547x540+1373+141 (frame: 8, 31, 8, 8, custom margin: 0, 0, 0, 0, minimum size: 428x271, maximum size: 16777215x16777215).[22:24:35 10-07-2023]: Dunnie [3C3366C4] vừa thoát game 
[22:24:38 10-07-2023]: Dunnnn [3C336701] vừa thoát game 
[22:24:39 10-07-2023]: Một cửa sổ Game vừa thoát 
[22:25:25 10-07-2023]: Dunnnn [3C3366C4] đã tới [Yến Vương Cổ Mộ Tầng 1]. 
[23:16:57 10-07-2023]: Dunnnn [3C3366C4] đã tới [Yến Vương Cổ Mộ Tầng 4]. 
[23:17:40 10-07-2023]: Dunnnn [3C3366C4] đã tới [Yến Vương Cổ Mộ Tầng 3]. 
[23:19:01 10-07-2023]: Dunnnn [3C3366C4] đã tới [Yến Vương Cổ Mộ Tầng 2]. 
[23:22:50 10-07-2023]: Dunnnn [3C3366C4] đã tới [Yến Vương Cổ Mộ Tầng 3]. 
[23:23:55 10-07-2023]: Dunnnn [3C3366C4] đã tới [Yến Vương Cổ Mộ Tầng 2]. 
[23:24:04 10-07-2023]: Dunnnn [3C3366C4] đã tới [Yến Vương Cổ Mộ Tầng 3]. 
[23:34:38 10-07-2023]: Dunnnn [3C3366C4] đã tới [Lạc Dương]. 
[23:35:11 10-07-2023]: Dunnnn [3C3366C4] đã tới [Nam Vực]. 
[23:36:21 10-07-2023]: Dunnnn [3C3366C4] đã tới [Hải Tặc Động]. 
[23:37:30 10-07-2023]: Dunnnn [3C3366C4] đang bị tấn công. 
[23:38:08 10-07-2023]: Dunnnn [3C3366C4] đang bị tấn công. 
[23:38:12 10-07-2023]: Dunnnn [3C3366C4] Lượng máu thấp: 15% 
[23:38:14 10-07-2023]: Dunnnn [3C3366C4] đã tử vong. 
[23:38:19 10-07-2023]: Dunnnn [3C3366C4] đã tới [Địa phủ]. 
[23:49:14 10-07-2023]: Dunnnn [3C3366C4] đã tới [Đào Hoa Nguyên]. 
[23:54:49 10-07-2023]: Đã tìm thấy một cửa sổ Game mới 
[23:56:03 10-07-2023]: ThanhThinh [3C3366E1] đã tới [Đào Hoa Nguyên]. 
QWindowsWindow::setGeometry: Unable to set geometry 547x469+1373+141 on QWidgetWindow/'ThrowTrashItemDialogWindow'. Resulting geometry:  547x540+1373+141 (frame: 8, 31, 8, 8, custom margin: 0, 0, 0, 0, minimum size: 428x271, maximum size: 16777215x16777215).QWindowsWindow::setGeometry: Unable to set geometry 547x469+1373+141 on QWidgetWindow/'ThrowTrashItemDialogWindow'. Resulting geometry:  547x540+1373+141 (frame: 8, 31, 8, 8, custom margin: 0, 0, 0, 0, minimum size: 428x271, maximum size: 16777215x16777215).QWindowsWindow::setGeometry: Unable to set geometry 547x469+1373+141 on QWidgetWindow/'ThrowTrashItemDialogWindow'. Resulting geometry:  547x540+1373+141 (frame: 8, 31, 8, 8, custom margin: 0, 0, 0, 0, minimum size: 428x271, maximum size: 16777215x16777215).QWindowsWindow::setGeometry: Unable to set geometry 547x469+1373+141 on QWidgetWindow/'ThrowTrashItemDialogWindow'. Resulting geometry:  547x540+1373+141 (frame: 8, 31, 8, 8, custom margin: 0, 0, 0, 0, minimum size: 428x271, maximum size: 16777215x16777215).QWindowsWindow::setGeometry: Unable to set geometry 547x469+1373+141 on QWidgetWindow/'ThrowTrashItemDialogWindow'. Resulting geometry:  547x540+1373+141 (frame: 8, 31, 8, 8, custom margin: 0, 0, 0, 0, minimum size: 428x271, maximum size: 16777215x16777215).QWindowsWindow::setGeometry: Unable to set geometry 547x469+1373+141 on QWidgetWindow/'ThrowTrashItemDialogWindow'. Resulting geometry:  547x540+1373+141 (frame: 8, 31, 8, 8, custom margin: 0, 0, 0, 0, minimum size: 428x271, maximum size: 16777215x16777215).QWindowsWindow::setGeometry: Unable to set geometry 547x469+1373+141 on QWidgetWindow/'ThrowTrashItemDialogWindow'. Resulting geometry:  547x540+1373+141 (frame: 8, 31, 8, 8, custom margin: 0, 0, 0, 0, minimum size: 428x271, maximum size: 16777215x16777215).QWindowsWindow::setGeometry: Unable to set geometry 547x469+1373+141 on QWidgetWindow/'ThrowTrashItemDialogWindow'. Resulting geometry:  547x540+1373+141 (frame: 8, 31, 8, 8, custom margin: 0, 0, 0, 0, minimum size: 428x271, maximum size: 16777215x16777215).[00:07:47 11-07-2023]: Dunnnn [3C3366C4] đã tới [Ngọc Khê]. 
[00:07:47 11-07-2023]: ThanhThinh [3C3366E1] đã tới [Ngọc Khê]. 
[00:09:19 11-07-2023]: ThanhThinh [3C3366E1] đã tới [Thạch Lâm]. 
[00:10:01 11-07-2023]: ThanhThinh [3C3366E1] đã tới [Nhĩ Hải]. 
[00:11:03 11-07-2023]: Dunnnn [3C3366C4] đã tới [Đại Lý]. 
[00:11:05 11-07-2023]: ThanhThinh [3C3366E1] đã tới [Đại Lý]. 
[00:11:42 11-07-2023]: Dunnnn [3C3366C4] đã tới [Võ Đang Sơn]. 
[00:13:51 11-07-2023]: ThanhThinh [3C3366E1] đã tới [Võ Đang Sơn]. 
[00:27:17 11-07-2023]: ThanhThinh [3C3366E1] đã tới [Võ Đang Sơn]. 
[00:27:18 11-07-2023]: Dunnnn [3C3366C4] đã tới [Võ Đang Sơn]. 
[00:29:23 11-07-2023]: ThanhThinh [3C3366E1] đã tới [Võ Đang Sơn]. 
[00:43:55 11-07-2023]: ThanhThinh [3C3366E1] đã tới [Võ Đang Sơn]. 
[00:43:55 11-07-2023]: Dunnnn [3C3366C4] đã tới [Võ Đang Sơn]. 
[00:44:57 11-07-2023]: ThanhThinh [3C3366E1] vừa thoát game 
[00:46:02 11-07-2023]: ThanhThinh [3C3366B4] đã tới [Lạc Dương]. 
[00:50:12 11-07-2023]: ThanhThinh [3C3366B4] đã tới [Võ Đang Sơn]. 
[01:04:24 11-07-2023]: ThanhThinh [3C3366B4] đã tới [Võ Đang Sơn]. 
[01:04:24 11-07-2023]: Dunnnn [3C3366C4] đã tới [Võ Đang Sơn]. 
[01:07:35 11-07-2023]: ThanhThinh [3C3366B4] đã tới [Võ Đang Sơn]. 
[01:07:36 11-07-2023]: Dunnnn [3C3366C4] đã tới [Võ Đang Sơn]. 
[01:22:54 11-07-2023]: ThanhThinh [3C3366B4] đã tới [Võ Đang Sơn]. 
[01:22:54 11-07-2023]: Dunnnn [3C3366C4] đã tới [Võ Đang Sơn]. 
[01:25:12 11-07-2023]: Dunnnn [3C3366C4] đã tới [Đại Lý]. 
[01:25:13 11-07-2023]: ThanhThinh [3C3366B4] đã tới [Đại Lý]. 
[01:28:16 11-07-2023]: Dunnnn [3C3366C4] đã tới [Tinh Túc Hải]. 
[01:28:47 11-07-2023]: Dunnnn [3C3366C4] đã tới [Đại Lý]. 
[01:28:48 11-07-2023]: ThanhThinh [3C3366B4] đã tới [Đại Lý]. 
[01:30:26 11-07-2023]: Một cửa sổ Game vừa thoát 
[01:32:07 11-07-2023]: ThanhThinh [3C3366B4] đã tới [Võ Đang Sơn]. 
[01:34:30 11-07-2023]: ThanhThinh [3C3366B4] đã tới [Lạc Dương]. 
[01:35:21 11-07-2023]: ThanhThinh [3C3366B4] đã tới [Nhạn Nam]. 
[01:36:15 11-07-2023]: ThanhThinh [3C3366B4] đã tới [Nhạn Bắc]. 
[01:36:41 11-07-2023]: ThanhThinh [3C3366B4] đã tới [Yến Vương Cổ Mộ Tầng 1]. 
[01:38:45 11-07-2023]: ThanhThinh [3C3366B4] đã tới [Nhạn Nam]. 
[01:39:39 11-07-2023]: ThanhThinh [3C3366B4] đã tới [Lạc Dương]. 
[01:41:31 11-07-2023]: ThanhThinh [3C3366B4] đã tới [Tây Hồ]. 
[01:43:07 11-07-2023]: ThanhThinh [3C3366B4] đã tới [Hoàng Long Động]. 
[02:59:50 11-07-2023]: ThanhThinh [3C3366B4] Lượng máu thấp: 19% 
[05:25:09 11-07-2023]: ThanhThinh [3C3366B4] vừa thoát game 
[05:25:12 11-07-2023]: Một cửa sổ Game vừa thoát 
[05:25:26 11-07-2023]: Đã tìm thấy một cửa sổ Game mới 
[05:26:29 11-07-2023]: Dunnie [3C3366C4] đã tới [Đại Lý]. 
[05:33:31 11-07-2023]: Dunnie [3C3366C4] đã tới [Nhạn Nam]. 
[05:33:41 11-07-2023]: Dunnie [3C3366C4] đã tới [Lạc Dương]. 
[05:39:15 11-07-2023]: Dunnie [3C3366C4] đã tới [Nga Mi Sơn]. 
[05:39:55 11-07-2023]: Dunnie [3C3366C4] đã tới [Lạc Dương]. 
[05:41:18 11-07-2023]: Dunnie [3C3366C4] đã tới [Nhạn Nam]. 
[05:42:38 11-07-2023]: Dunnie [3C3366C4] đã tới [Thảo Nguyên]. 
[05:43:27 11-07-2023]: Dunnie [3C3366C4] đã tới [Thủy Kính Hồ]. 
[05:53:50 11-07-2023]: Đã tìm thấy một cửa sổ Game mới 
[05:55:06 11-07-2023]: Một cửa sổ Game vừa thoát 
[05:55:33 11-07-2023]: Dunnie [3C3366C4] vừa thoát game 
[05:55:35 11-07-2023]: Một cửa sổ Game vừa thoát 
[05:55:45 11-07-2023]: Đã tìm thấy một cửa sổ Game mới 
[05:57:24 11-07-2023]: Một cửa sổ Game vừa thoát 
[06:01:51 11-07-2023]: Đã tìm thấy một cửa sổ Game mới 
[06:03:00 11-07-2023]: Dunnie [3C3366C4] đã tới [Thủy Kính Hồ]. 
[07:06:35 11-07-2023]: Một cửa sổ Game vừa thoát 
[07:51:50 11-07-2023]: Đã khởi động auto 
[07:51:50 11-07-2023]: Đã tìm thấy một cửa sổ Game mới 
[07:52:04 11-07-2023]: Dunnie [3C3366C4] đã tới [Yến Vương Cổ Mộ Tầng 1]. 
[07:59:30 11-07-2023]: Dunnie [3C3366C4] đang bị tấn công. 
[07:59:52 11-07-2023]: Dunnie [3C3366C4] Lượng máu thấp: 13% 
[07:59:54 11-07-2023]: Dunnie [3C3366C4] đã tử vong. 
[07:59:59 11-07-2023]: Dunnie [3C3366C4] đã tới [Địa phủ]. 
[08:00:15 11-07-2023]: Dunnie [3C3366C4] đã tới [Lạc Dương]. 
[08:03:00 11-07-2023]: Dunnie [3C3366C4] đang bị tấn công. 
[08:03:31 11-07-2023]: Dunnie [3C3366C4] đang bị tấn công. 
[08:03:39 11-07-2023]: Dunnie [3C3366C4] Lượng máu thấp: 19% 
[08:03:46 11-07-2023]: Dunnie [3C3366C4] đã tử vong. 
[08:03:53 11-07-2023]: Dunnie [3C3366C4] đã tới [Địa phủ]. 
[08:04:20 11-07-2023]: Dunnie [3C3366C4] đã tới [Đại Lý]. 
[08:04:26 11-07-2023]: Dunnie [3C3366C4] đã tới [Yến Vương Cổ Mộ Tầng 1]. 
[08:05:52 11-07-2023]: Dunnie [3C3366C4] đang bị tấn công. 
[08:09:02 11-07-2023]: Dunnie [3C3366C4] vừa thoát game 
[08:09:04 11-07-2023]: Một cửa sổ Game vừa thoát 
